<?xml version="1.0" encoding="UTF-8"?>
<!-- Generated by org.testng.reporters.JUnitXMLReporter -->
<testsuite ignored="0" hostname="DESKTOP-BKBOD59" failures="1" tests="1" name="BankingApp Test" time="5.369" errors="0" timestamp="2022-03-04T15:19:30 PST">
  <testcase classname="com.inetbanking.testCases.LoginTest_001" name="loginTest" time="1.124">
    <failure type="java.lang.AssertionError" message="expected [true] but found [false]">
      <![CDATA[java.lang.AssertionError: expected [true] but found [false]
at com.inetbanking.testCases.LoginTest_001.loginTest(LoginTest_001.java:40)
at java.base/java.util.ArrayList.forEach(ArrayList.java:1511)
... Removed 31 stack frames]]>
    </failure>
  </testcase> <!-- loginTest -->
</testsuite> <!-- BankingApp Test -->
